<?xml version="1.0" encoding="UTF-8"?>
<testng-results ignored="0" total="2" passed="2" failed="0" skipped="0">
  <reporter-output>
  </reporter-output>
  <suite started-at="2024-10-30T14:47:42 WEST" name="Default suite" finished-at="2024-10-30T14:48:22 WEST" duration-ms="40837">
    <groups>
    </groups>
    <test started-at="2024-10-30T14:47:42 WEST" name="Default test" finished-at="2024-10-30T14:48:22 WEST" duration-ms="40837">
      <class name="tests.OverviewTest">
        <test-method is-config="true" signature="start()[pri:0, instance:tests.OverviewTest@5e0e82ae]" started-at="2024-10-30T14:47:42 WEST" name="start" finished-at="2024-10-30T14:48:01 WEST" duration-ms="18948" status="PASS">
          <reporter-output>
          </reporter-output>
        </test-method> <!-- start -->
        <test-method signature="addToCart()[pri:1, instance:tests.OverviewTest@5e0e82ae]" started-at="2024-10-30T14:48:01 WEST" name="addToCart" finished-at="2024-10-30T14:48:01 WEST" duration-ms="793" status="PASS">
          <reporter-output>
          </reporter-output>
        </test-method> <!-- addToCart -->
        <test-method is-config="true" signature="tearDown()[pri:0, instance:tests.OverviewTest@5e0e82ae]" started-at="2024-10-30T14:48:01 WEST" name="tearDown" finished-at="2024-10-30T14:48:03 WEST" duration-ms="1693" status="PASS">
          <reporter-output>
          </reporter-output>
        </test-method> <!-- tearDown -->
        <test-method is-config="true" signature="start()[pri:0, instance:tests.OverviewTest@5e0e82ae]" started-at="2024-10-30T14:48:03 WEST" name="start" finished-at="2024-10-30T14:48:20 WEST" duration-ms="17381" status="PASS">
          <reporter-output>
          </reporter-output>
        </test-method> <!-- start -->
        <test-method signature="addToCartFailed()[pri:2, instance:tests.OverviewTest@5e0e82ae]" started-at="2024-10-30T14:48:20 WEST" name="addToCartFailed" finished-at="2024-10-30T14:48:21 WEST" duration-ms="263" status="PASS">
          <reporter-output>
          </reporter-output>
        </test-method> <!-- addToCartFailed -->
        <test-method is-config="true" signature="tearDown()[pri:0, instance:tests.OverviewTest@5e0e82ae]" started-at="2024-10-30T14:48:21 WEST" name="tearDown" finished-at="2024-10-30T14:48:22 WEST" duration-ms="1671" status="PASS">
          <reporter-output>
          </reporter-output>
        </test-method> <!-- tearDown -->
      </class> <!-- tests.OverviewTest -->
    </test> <!-- Default test -->
  </suite> <!-- Default suite -->
</testng-results>
